  C2C.PIDL Compiling...
   C 드라이브의 볼륨에는 이름이 없습니다.
   볼륨 일련 번호: 3869-CB7A
  
   C:\Program Files (x86)\Nettention\ProudNet\util 디렉터리
  
  2021-06-02-수  오후 12:26           277,808 PIDL.exe
                 1개 파일             277,808 바이트
  
   C:\Users\gepodong\Documents\Visual Studio 2019\server\new\SngCommon 디렉터리
  
  2021-06-07-월  오전 01:59                 0 C2C.PIDL
  
   C:\Users\gepodong\Documents\Visual Studio 2019\server\new\SngCommon 디렉터리
  
                 1개 파일                   0 바이트
                 0개 디렉터리  722,616,369,152 바이트 남음
  C2S.PIDL Compiling...
   C 드라이브의 볼륨에는 이름이 없습니다.
   볼륨 일련 번호: 3869-CB7A
  
   C:\Program Files (x86)\Nettention\ProudNet\util 디렉터리
  
  2021-06-02-수  오후 12:26           277,808 PIDL.exe
                 1개 파일             277,808 바이트
  
   C:\Users\gepodong\Documents\Visual Studio 2019\server\new\SngCommon 디렉터리
  
  2021-06-07-월  오전 01:59                 0 C2S.PIDL
  
   C:\Users\gepodong\Documents\Visual Studio 2019\server\new\SngCommon 디렉터리
  
                 1개 파일                   0 바이트
                 0개 디렉터리  722,616,369,152 바이트 남음
  S2C.PIDL Compiling...
   C 드라이브의 볼륨에는 이름이 없습니다.
   볼륨 일련 번호: 3869-CB7A
  
   C:\Program Files (x86)\Nettention\ProudNet\util 디렉터리
  
  2021-06-02-수  오후 12:26           277,808 PIDL.exe
                 1개 파일             277,808 바이트
  
   C:\Users\gepodong\Documents\Visual Studio 2019\server\new\SngCommon 디렉터리
  
  2021-06-07-월  오전 01:59                 0 S2C.PIDL
  
   C:\Users\gepodong\Documents\Visual Studio 2019\server\new\SngCommon 디렉터리
  
                 1개 파일                   0 바이트
                 0개 디렉터리  722,616,369,152 바이트 남음
C:\Program Files (x86)\Microsoft Visual Studio\2019\Community\MSBuild\Microsoft\VC\v160\Microsoft.CppCommon.targets(241,5): warning MSB8065: "C2C.PIDL" 항목에 대한 사용자 지정 빌드에 성공했지만 지정한 출력 "c:\users\gepodong\documents\visual studio 2019\server\new\sngcommon\c2c_common.cpp"이(가) 생성되지 않았습니다. 이 오류로 인해 증분 빌드가 제대로 작동하지 않을 수 있습니다.
C:\Program Files (x86)\Microsoft Visual Studio\2019\Community\MSBuild\Microsoft\VC\v160\Microsoft.CppCommon.targets(241,5): warning MSB8065: "C2C.PIDL" 항목에 대한 사용자 지정 빌드에 성공했지만 지정한 출력 "c:\users\gepodong\documents\visual studio 2019\server\new\sngcommon\c2c_common.h"이(가) 생성되지 않았습니다. 이 오류로 인해 증분 빌드가 제대로 작동하지 않을 수 있습니다.
C:\Program Files (x86)\Microsoft Visual Studio\2019\Community\MSBuild\Microsoft\VC\v160\Microsoft.CppCommon.targets(241,5): warning MSB8065: "C2C.PIDL" 항목에 대한 사용자 지정 빌드에 성공했지만 지정한 출력 "c:\users\gepodong\documents\visual studio 2019\server\new\sngcommon\c2c_proxy.cpp"이(가) 생성되지 않았습니다. 이 오류로 인해 증분 빌드가 제대로 작동하지 않을 수 있습니다.
C:\Program Files (x86)\Microsoft Visual Studio\2019\Community\MSBuild\Microsoft\VC\v160\Microsoft.CppCommon.targets(241,5): warning MSB8065: "C2C.PIDL" 항목에 대한 사용자 지정 빌드에 성공했지만 지정한 출력 "c:\users\gepodong\documents\visual studio 2019\server\new\sngcommon\c2c_proxy.h"이(가) 생성되지 않았습니다. 이 오류로 인해 증분 빌드가 제대로 작동하지 않을 수 있습니다.
C:\Program Files (x86)\Microsoft Visual Studio\2019\Community\MSBuild\Microsoft\VC\v160\Microsoft.CppCommon.targets(241,5): warning MSB8065: "C2C.PIDL" 항목에 대한 사용자 지정 빌드에 성공했지만 지정한 출력 "c:\users\gepodong\documents\visual studio 2019\server\new\sngcommon\c2c_stub.cpp"이(가) 생성되지 않았습니다. 이 오류로 인해 증분 빌드가 제대로 작동하지 않을 수 있습니다.
C:\Program Files (x86)\Microsoft Visual Studio\2019\Community\MSBuild\Microsoft\VC\v160\Microsoft.CppCommon.targets(241,5): warning MSB8065: "C2C.PIDL" 항목에 대한 사용자 지정 빌드에 성공했지만 지정한 출력 "c:\users\gepodong\documents\visual studio 2019\server\new\sngcommon\c2c_stub.h"이(가) 생성되지 않았습니다. 이 오류로 인해 증분 빌드가 제대로 작동하지 않을 수 있습니다.
C:\Program Files (x86)\Microsoft Visual Studio\2019\Community\MSBuild\Microsoft\VC\v160\Microsoft.CppCommon.targets(241,5): warning MSB8065: "C2S.PIDL" 항목에 대한 사용자 지정 빌드에 성공했지만 지정한 출력 "c:\users\gepodong\documents\visual studio 2019\server\new\sngcommon\c2s_common.cpp"이(가) 생성되지 않았습니다. 이 오류로 인해 증분 빌드가 제대로 작동하지 않을 수 있습니다.
C:\Program Files (x86)\Microsoft Visual Studio\2019\Community\MSBuild\Microsoft\VC\v160\Microsoft.CppCommon.targets(241,5): warning MSB8065: "C2S.PIDL" 항목에 대한 사용자 지정 빌드에 성공했지만 지정한 출력 "c:\users\gepodong\documents\visual studio 2019\server\new\sngcommon\c2s_common.h"이(가) 생성되지 않았습니다. 이 오류로 인해 증분 빌드가 제대로 작동하지 않을 수 있습니다.
C:\Program Files (x86)\Microsoft Visual Studio\2019\Community\MSBuild\Microsoft\VC\v160\Microsoft.CppCommon.targets(241,5): warning MSB8065: "C2S.PIDL" 항목에 대한 사용자 지정 빌드에 성공했지만 지정한 출력 "c:\users\gepodong\documents\visual studio 2019\server\new\sngcommon\c2s_proxy.cpp"이(가) 생성되지 않았습니다. 이 오류로 인해 증분 빌드가 제대로 작동하지 않을 수 있습니다.
C:\Program Files (x86)\Microsoft Visual Studio\2019\Community\MSBuild\Microsoft\VC\v160\Microsoft.CppCommon.targets(241,5): warning MSB8065: "C2S.PIDL" 항목에 대한 사용자 지정 빌드에 성공했지만 지정한 출력 "c:\users\gepodong\documents\visual studio 2019\server\new\sngcommon\c2s_proxy.h"이(가) 생성되지 않았습니다. 이 오류로 인해 증분 빌드가 제대로 작동하지 않을 수 있습니다.
C:\Program Files (x86)\Microsoft Visual Studio\2019\Community\MSBuild\Microsoft\VC\v160\Microsoft.CppCommon.targets(241,5): warning MSB8065: "C2S.PIDL" 항목에 대한 사용자 지정 빌드에 성공했지만 지정한 출력 "c:\users\gepodong\documents\visual studio 2019\server\new\sngcommon\c2s_stub.cpp"이(가) 생성되지 않았습니다. 이 오류로 인해 증분 빌드가 제대로 작동하지 않을 수 있습니다.
C:\Program Files (x86)\Microsoft Visual Studio\2019\Community\MSBuild\Microsoft\VC\v160\Microsoft.CppCommon.targets(241,5): warning MSB8065: "C2S.PIDL" 항목에 대한 사용자 지정 빌드에 성공했지만 지정한 출력 "c:\users\gepodong\documents\visual studio 2019\server\new\sngcommon\c2s_stub.h"이(가) 생성되지 않았습니다. 이 오류로 인해 증분 빌드가 제대로 작동하지 않을 수 있습니다.
C:\Program Files (x86)\Microsoft Visual Studio\2019\Community\MSBuild\Microsoft\VC\v160\Microsoft.CppCommon.targets(241,5): warning MSB8065: "S2C.PIDL" 항목에 대한 사용자 지정 빌드에 성공했지만 지정한 출력 "c:\users\gepodong\documents\visual studio 2019\server\new\sngcommon\s2c_common.cpp"이(가) 생성되지 않았습니다. 이 오류로 인해 증분 빌드가 제대로 작동하지 않을 수 있습니다.
C:\Program Files (x86)\Microsoft Visual Studio\2019\Community\MSBuild\Microsoft\VC\v160\Microsoft.CppCommon.targets(241,5): warning MSB8065: "S2C.PIDL" 항목에 대한 사용자 지정 빌드에 성공했지만 지정한 출력 "c:\users\gepodong\documents\visual studio 2019\server\new\sngcommon\s2c_common.h"이(가) 생성되지 않았습니다. 이 오류로 인해 증분 빌드가 제대로 작동하지 않을 수 있습니다.
C:\Program Files (x86)\Microsoft Visual Studio\2019\Community\MSBuild\Microsoft\VC\v160\Microsoft.CppCommon.targets(241,5): warning MSB8065: "S2C.PIDL" 항목에 대한 사용자 지정 빌드에 성공했지만 지정한 출력 "c:\users\gepodong\documents\visual studio 2019\server\new\sngcommon\s2c_proxy.cpp"이(가) 생성되지 않았습니다. 이 오류로 인해 증분 빌드가 제대로 작동하지 않을 수 있습니다.
C:\Program Files (x86)\Microsoft Visual Studio\2019\Community\MSBuild\Microsoft\VC\v160\Microsoft.CppCommon.targets(241,5): warning MSB8065: "S2C.PIDL" 항목에 대한 사용자 지정 빌드에 성공했지만 지정한 출력 "c:\users\gepodong\documents\visual studio 2019\server\new\sngcommon\s2c_proxy.h"이(가) 생성되지 않았습니다. 이 오류로 인해 증분 빌드가 제대로 작동하지 않을 수 있습니다.
C:\Program Files (x86)\Microsoft Visual Studio\2019\Community\MSBuild\Microsoft\VC\v160\Microsoft.CppCommon.targets(241,5): warning MSB8065: "S2C.PIDL" 항목에 대한 사용자 지정 빌드에 성공했지만 지정한 출력 "c:\users\gepodong\documents\visual studio 2019\server\new\sngcommon\s2c_stub.cpp"이(가) 생성되지 않았습니다. 이 오류로 인해 증분 빌드가 제대로 작동하지 않을 수 있습니다.
C:\Program Files (x86)\Microsoft Visual Studio\2019\Community\MSBuild\Microsoft\VC\v160\Microsoft.CppCommon.targets(241,5): warning MSB8065: "S2C.PIDL" 항목에 대한 사용자 지정 빌드에 성공했지만 지정한 출력 "c:\users\gepodong\documents\visual studio 2019\server\new\sngcommon\s2c_stub.h"이(가) 생성되지 않았습니다. 이 오류로 인해 증분 빌드가 제대로 작동하지 않을 수 있습니다.
  pch.cpp
  SngCommon.cpp
  SngCommon.vcxproj -> C:\Users\gepodong\Documents\Visual Studio 2019\server\new\testProudNet\x64\Debug\SngCommon.exe
