c:\users\gepodong\documents\visual studio 2019\server\new\sngcommon\c2c_common.cpp
c:\users\gepodong\documents\visual studio 2019\server\new\sngcommon\c2c_common.h
c:\users\gepodong\documents\visual studio 2019\server\new\sngcommon\c2c_proxy.cpp
c:\users\gepodong\documents\visual studio 2019\server\new\sngcommon\c2c_proxy.h
c:\users\gepodong\documents\visual studio 2019\server\new\sngcommon\c2c_stub.cpp
c:\users\gepodong\documents\visual studio 2019\server\new\sngcommon\c2c_stub.h
c:\users\gepodong\documents\visual studio 2019\server\new\sngcommon\c2s_common.cpp
c:\users\gepodong\documents\visual studio 2019\server\new\sngcommon\c2s_common.h
c:\users\gepodong\documents\visual studio 2019\server\new\sngcommon\c2s_proxy.cpp
c:\users\gepodong\documents\visual studio 2019\server\new\sngcommon\c2s_proxy.h
c:\users\gepodong\documents\visual studio 2019\server\new\sngcommon\c2s_stub.cpp
c:\users\gepodong\documents\visual studio 2019\server\new\sngcommon\c2s_stub.h
c:\users\gepodong\documents\visual studio 2019\server\new\sngcommon\s2c_common.cpp
c:\users\gepodong\documents\visual studio 2019\server\new\sngcommon\s2c_common.h
c:\users\gepodong\documents\visual studio 2019\server\new\sngcommon\s2c_proxy.cpp
c:\users\gepodong\documents\visual studio 2019\server\new\sngcommon\s2c_proxy.h
c:\users\gepodong\documents\visual studio 2019\server\new\sngcommon\s2c_stub.cpp
c:\users\gepodong\documents\visual studio 2019\server\new\sngcommon\s2c_stub.h
c:\users\gepodong\documents\visual studio 2019\server\new\sngcommon\x64\debug\sngcommon.tlog\custombuild.command.1.tlog
c:\users\gepodong\documents\visual studio 2019\server\new\sngcommon\x64\debug\sngcommon.tlog\custombuild.read.1.tlog
c:\users\gepodong\documents\visual studio 2019\server\new\sngcommon\x64\debug\sngcommon.tlog\custombuild.write.1.tlog
